{
  "uid" : "265a4e8ea08f23e3",
  "name" : "test_1_Nulldata_Check",
  "fullName" : "test_affordability.Test_Metro_Area_Datatest#test_1_Nulldata_Check",
  "historyId" : "c128d45a4f3e39062c31ebeebb909988",
  "time" : {
    "start" : 1641994388985,
    "stop" : 1641994389085,
    "duration" : 100
  },
  "status" : "failed",
  "statusMessage" : "AssertionError: FAILURE: \nassert False == \"Results Received for NULL'[]' data, Hence case Failed\"\ntest_affordability.py:40 in test_1_Nulldata_Check() -> check.equal(len(metro_records1) == 0, \"Results Received for NULL'[]' data, Hence case Failed\")\n------------------------------------------------------------\nFailed Checks: 1",
  "statusTrace" : "FAILURE: \nassert False == \"Results Received for NULL'[]' data, Hence case Failed\"\ntest_affordability.py:40 in test_1_Nulldata_Check() -> check.equal(len(metro_records1) == 0, \"Results Received for NULL'[]' data, Hence case Failed\")\n------------------------------------------------------------\nFailed Checks: 1",
  "flaky" : false,
  "newFailed" : false,
  "newBroken" : false,
  "newPassed" : false,
  "retriesCount" : 0,
  "retriesStatusChange" : false,
  "beforeStages" : [ ],
  "testStage" : {
    "status" : "failed",
    "statusMessage" : "AssertionError: FAILURE: \nassert False == \"Results Received for NULL'[]' data, Hence case Failed\"\ntest_affordability.py:40 in test_1_Nulldata_Check() -> check.equal(len(metro_records1) == 0, \"Results Received for NULL'[]' data, Hence case Failed\")\n------------------------------------------------------------\nFailed Checks: 1",
    "statusTrace" : "FAILURE: \nassert False == \"Results Received for NULL'[]' data, Hence case Failed\"\ntest_affordability.py:40 in test_1_Nulldata_Check() -> check.equal(len(metro_records1) == 0, \"Results Received for NULL'[]' data, Hence case Failed\")\n------------------------------------------------------------\nFailed Checks: 1",
    "steps" : [ ],
    "attachments" : [ {
      "uid" : "1f23127e82abc9ae",
      "name" : "stdout",
      "source" : "1f23127e82abc9ae.txt",
      "type" : "text/plain",
      "size" : 452
    } ],
    "parameters" : [ ],
    "hasContent" : true,
    "stepsCount" : 0,
    "attachmentsCount" : 1,
    "shouldDisplayMessage" : true
  },
  "afterStages" : [ ],
  "labels" : [ {
    "name" : "severity",
    "value" : "normal"
  }, {
    "name" : "tag",
    "value" : "run(order=1)"
  }, {
    "name" : "suite",
    "value" : "test_affordability"
  }, {
    "name" : "subSuite",
    "value" : "Test_Metro_Area_Datatest"
  }, {
    "name" : "host",
    "value" : "IN11W-SAMY-3"
  }, {
    "name" : "thread",
    "value" : "24512-MainThread"
  }, {
    "name" : "framework",
    "value" : "pytest"
  }, {
    "name" : "language",
    "value" : "cpython3"
  }, {
    "name" : "package",
    "value" : "test_affordability"
  }, {
    "name" : "resultFormat",
    "value" : "allure2"
  } ],
  "parameters" : [ ],
  "links" : [ ],
  "hidden" : false,
  "retry" : false,
  "extra" : {
    "severity" : "normal",
    "retries" : [ ],
    "categories" : [ {
      "name" : "Product defects",
      "matchedStatuses" : [ ],
      "flaky" : false
    } ],
    "tags" : [ "run(order=1)" ]
  },
  "source" : "265a4e8ea08f23e3.json",
  "parameterValues" : [ ]
}